2019-04-12 11:25:22 -Starting WebApplication on pc20170426-PC with PID 7524 (C:\Users\pc20170426\git\trainDo\traindo\target\classes started by pc20170426 in C:\Users\pc20170426\git\trainDo\traindo)
2019-04-12 11:25:22 -Running with Spring Boot v2.0.1.RELEASE, Spring v5.0.5.RELEASE
2019-04-12 11:25:22 -No active profile set, falling back to default profiles: default
2019-04-12 11:25:22 -Refreshing org.springframework.boot.web.servlet.context.AnnotationConfigServletWebServerApplicationContext@303ee4df: startup date [Fri Apr 12 11:25:22 CST 2019]; root of context hierarchy
2019-04-12 11:25:24 -Multiple Spring Data modules found, entering strict repository configuration mode!
2019-04-12 11:25:25 -Bean 'org.springframework.cache.annotation.ProxyCachingConfiguration' of type [org.springframework.cache.annotation.ProxyCachingConfiguration$$EnhancerBySpringCGLIB$$2fd6e5b5] is not eligible for getting processed by all BeanPostProcessors (for example: not eligible for auto-proxying)
2019-04-12 11:25:25 -Bean 'org.springframework.boot.autoconfigure.cache.CacheAutoConfiguration' of type [org.springframework.boot.autoconfigure.cache.CacheAutoConfiguration$$EnhancerBySpringCGLIB$$244aaa59] is not eligible for getting processed by all BeanPostProcessors (for example: not eligible for auto-proxying)
2019-04-12 11:25:25 -Bean 'org.springframework.boot.context.properties.ConversionServiceDeducer$Factory' of type [org.springframework.boot.context.properties.ConversionServiceDeducer$Factory] is not eligible for getting processed by all BeanPostProcessors (for example: not eligible for auto-proxying)
2019-04-12 11:25:25 -Bean 'spring.cache-org.springframework.boot.autoconfigure.cache.CacheProperties' of type [org.springframework.boot.autoconfigure.cache.CacheProperties] is not eligible for getting processed by all BeanPostProcessors (for example: not eligible for auto-proxying)
2019-04-12 11:25:25 -Bean 'cacheManagerCustomizers' of type [org.springframework.boot.autoconfigure.cache.CacheManagerCustomizers] is not eligible for getting processed by all BeanPostProcessors (for example: not eligible for auto-proxying)
2019-04-12 11:25:25 -Bean 'org.springframework.boot.autoconfigure.cache.RedisCacheConfiguration' of type [org.springframework.boot.autoconfigure.cache.RedisCacheConfiguration$$EnhancerBySpringCGLIB$$d4dc46b3] is not eligible for getting processed by all BeanPostProcessors (for example: not eligible for auto-proxying)
2019-04-12 11:25:25 -Bean 'spring.redis-org.springframework.boot.autoconfigure.data.redis.RedisProperties' of type [org.springframework.boot.autoconfigure.data.redis.RedisProperties] is not eligible for getting processed by all BeanPostProcessors (for example: not eligible for auto-proxying)
2019-04-12 11:25:25 -Bean 'org.springframework.boot.autoconfigure.data.redis.LettuceConnectionConfiguration' of type [org.springframework.boot.autoconfigure.data.redis.LettuceConnectionConfiguration$$EnhancerBySpringCGLIB$$fbde6de1] is not eligible for getting processed by all BeanPostProcessors (for example: not eligible for auto-proxying)
2019-04-12 11:25:25 -Bean 'lettuceClientResources' of type [io.lettuce.core.resource.DefaultClientResources] is not eligible for getting processed by all BeanPostProcessors (for example: not eligible for auto-proxying)
2019-04-12 11:25:25 -Bean 'redisConnectionFactory' of type [org.springframework.data.redis.connection.lettuce.LettuceConnectionFactory] is not eligible for getting processed by all BeanPostProcessors (for example: not eligible for auto-proxying)
2019-04-12 11:25:25 -Bean 'cacheManager' of type [org.springframework.data.redis.cache.RedisCacheManager] is not eligible for getting processed by all BeanPostProcessors (for example: not eligible for auto-proxying)
2019-04-12 11:25:25 -Bean 'cacheAutoConfigurationValidator' of type [org.springframework.boot.autoconfigure.cache.CacheAutoConfiguration$CacheManagerValidator] is not eligible for getting processed by all BeanPostProcessors (for example: not eligible for auto-proxying)
2019-04-12 11:25:25 -Bean 'org.springframework.transaction.annotation.ProxyTransactionManagementConfiguration' of type [org.springframework.transaction.annotation.ProxyTransactionManagementConfiguration$$EnhancerBySpringCGLIB$$e6c4af97] is not eligible for getting processed by all BeanPostProcessors (for example: not eligible for auto-proxying)
2019-04-12 11:25:26 -Tomcat initialized with port(s): 8088 (http)
2019-04-12 11:25:26 -Initializing ProtocolHandler ["http-nio-8088"]
2019-04-12 11:25:26 -Starting service [Tomcat]
2019-04-12 11:25:26 -Starting Servlet Engine: Apache Tomcat/8.5.29
2019-04-12 11:25:26 -The APR based Apache Tomcat Native library which allows optimal performance in production environments was not found on the java.library.path: [D:\android\jdk1.8\bin;C:\Windows\Sun\Java\bin;C:\Windows\system32;C:\Windows;C:/Program Files/Java/jdk1.8.0_171/bin/../jre/bin/server;C:/Program Files/Java/jdk1.8.0_171/bin/../jre/bin;C:/Program Files/Java/jdk1.8.0_171/bin/../jre/lib/amd64;D:\Chrome下载\Git\cmd;C:\Program Files\Java\jdk1.8.0_171\bin;D:\Chrome下载\apache-maven-3.5.3-bin\apache-maven-3.5.3\bin;D:\TortoiseSVN\bin;C:\Program Files\MySQL\mysql-5.6.26-winx64\bin;C:\Windows\system32;;C:\Program Files (x86)\Bitvise Tunnelier;D:\nodeJs;D:\nodeJs\node_global;C:\Users\pc20170426\AppData\Roaming\npm;D:\eclipse;;.]
2019-04-12 11:25:26 -At least one JAR was scanned for TLDs yet contained no TLDs. Enable debug logging for this logger for a complete list of JARs that were scanned but no TLDs were found in them. Skipping unneeded JARs during scanning can improve startup time and JSP compilation time.
2019-04-12 11:25:26 -Initializing Spring embedded WebApplicationContext
2019-04-12 11:25:26 -Root WebApplicationContext: initialization completed in 3925 ms
2019-04-12 11:25:27 -Mapping filter: 'characterEncodingFilter' to: [/*]
2019-04-12 11:25:27 -Mapping filter: 'sessionRepositoryFilter' to: [/*]
2019-04-12 11:25:27 -Mapping filter: 'hiddenHttpMethodFilter' to: [/*]
2019-04-12 11:25:27 -Mapping filter: 'httpPutFormContentFilter' to: [/*]
2019-04-12 11:25:27 -Mapping filter: 'requestContextFilter' to: [/*]
2019-04-12 11:25:27 -Mapping filter: 'webStatFilter' to urls: [/*]
2019-04-12 11:25:27 -Servlet dispatcherServlet mapped to [/]
2019-04-12 11:25:27 -Servlet statViewServlet mapped to [/druid/*]
2019-04-12 11:25:27 -Init DruidDataSource
2019-04-12 11:25:27 -{dataSource-1} inited
2019-04-12 11:25:28 -Starting without optional epoll library
2019-04-12 11:25:28 -Starting without optional kqueue library
2019-04-12 11:25:28 -Mapped URL path [/**/favicon.ico] onto handler of type [class org.springframework.web.servlet.resource.ResourceHttpRequestHandler]
2019-04-12 11:25:29 -Looking for @ControllerAdvice: org.springframework.boot.web.servlet.context.AnnotationConfigServletWebServerApplicationContext@303ee4df: startup date [Fri Apr 12 11:25:22 CST 2019]; root of context hierarchy
2019-04-12 11:25:29 -Mapped "{[/sendMsg]}" onto public void com.traindo.activeMQ.ProducerController.sendMsg(java.lang.String)
2019-04-12 11:25:29 -Mapped "{[/sendMap]}" onto public void com.traindo.activeMQ.ProducerController.sendMap()
2019-04-12 11:25:29 -Mapped "{[/api/getUserInfo]}" onto public com.traindo.common.Json com.traindo.system.controller.LoginController.get(long)
2019-04-12 11:25:29 -Mapped "{[/api/login]}" onto public com.traindo.common.Json com.traindo.system.controller.LoginController.login(javax.servlet.http.HttpServletRequest,java.lang.String,java.lang.String)
2019-04-12 11:25:29 -Mapped "{[/api/loginOut]}" onto public com.traindo.common.Json com.traindo.system.controller.LoginController.loginOut(javax.servlet.http.HttpServletRequest,com.traindo.mapper.entity.SysUser) throws java.lang.Exception
2019-04-12 11:25:29 -Mapped "{[/sys/menu/getList]}" onto public com.traindo.common.Json com.traindo.system.controller.MenuController.getList(javax.servlet.http.HttpServletRequest)
2019-04-12 11:25:29 -Mapped "{[/admin/v1/first],methods=[GET]}" onto public java.util.Map<java.lang.String, java.lang.Object> com.traindo.system.controller.QuickRun.firstResp(javax.servlet.http.HttpServletRequest)
2019-04-12 11:25:29 -Mapped "{[/admin/v1/sessions],methods=[GET]}" onto public java.lang.Object com.traindo.system.controller.QuickRun.sessions(javax.servlet.http.HttpServletRequest)
2019-04-12 11:25:29 -Mapped "{[/error]}" onto public org.springframework.http.ResponseEntity<java.util.Map<java.lang.String, java.lang.Object>> org.springframework.boot.autoconfigure.web.servlet.error.BasicErrorController.error(javax.servlet.http.HttpServletRequest)
2019-04-12 11:25:29 -Mapped "{[/error],produces=[text/html]}" onto public org.springframework.web.servlet.ModelAndView org.springframework.boot.autoconfigure.web.servlet.error.BasicErrorController.errorHtml(javax.servlet.http.HttpServletRequest,javax.servlet.http.HttpServletResponse)
2019-04-12 11:25:29 -Mapped URL path [/webjars/**] onto handler of type [class org.springframework.web.servlet.resource.ResourceHttpRequestHandler]
2019-04-12 11:25:29 -Mapped URL path [/**] onto handler of type [class org.springframework.web.servlet.resource.ResourceHttpRequestHandler]
2019-04-12 11:25:29 -Mapped URL path [/file/upload/**] onto handler of type [class org.springframework.web.servlet.resource.ResourceHttpRequestHandler]
2019-04-12 11:25:30 -LiveReload server is running on port 35729
2019-04-12 11:25:30 -Registering beans for JMX exposure on startup
2019-04-12 11:25:30 -Bean with name 'statFilter' has been autodetected for JMX exposure
2019-04-12 11:25:30 -Bean with name 'dataSource' has been autodetected for JMX exposure
2019-04-12 11:25:30 -Located MBean 'dataSource': registering with JMX server as MBean [com.alibaba.druid.spring.boot.autoconfigure:name=dataSource,type=DruidDataSourceWrapper]
2019-04-12 11:25:30 -Located MBean 'statFilter': registering with JMX server as MBean [com.alibaba.druid.filter.stat:name=statFilter,type=StatFilter]
2019-04-12 11:25:30 -Starting beans in phase 2147483647
2019-04-12 11:25:30 -No TaskScheduler/ScheduledExecutorService bean found for scheduled processing
2019-04-12 11:25:30 -Starting ProtocolHandler ["http-nio-8088"]
2019-04-12 11:25:30 -Using a shared selector for servlet write/read
2019-04-12 11:25:30 -Tomcat started on port(s): 8088 (http) with context path ''
2019-04-12 11:25:30 -Started WebApplication in 8.555 seconds (JVM running for 9.627)
2019-04-12 11:25:30 -Application start success！
2019-04-12 11:25:46 -Initializing Spring FrameworkServlet 'dispatcherServlet'
2019-04-12 11:25:46 -FrameworkServlet 'dispatcherServlet': initialization started
2019-04-12 11:25:46 -FrameworkServlet 'dispatcherServlet': initialization completed in 23 ms
2019-04-12 11:25:46 -/
2019-04-12 11:26:07 -Closing org.springframework.boot.web.servlet.context.AnnotationConfigServletWebServerApplicationContext@303ee4df: startup date [Fri Apr 12 11:25:22 CST 2019]; root of context hierarchy
2019-04-12 11:26:08 -Stopping beans in phase 2147483647
2019-04-12 11:26:08 -Unregistering JMX-exposed beans on shutdown
2019-04-12 11:26:08 -Unregistering JMX-exposed beans
2019-04-12 11:26:08 -{dataSource-1} closed
2019-04-12 11:26:09 -Starting WebApplication on pc20170426-PC with PID 7524 (C:\Users\pc20170426\git\trainDo\traindo\target\classes started by pc20170426 in C:\Users\pc20170426\git\trainDo\traindo)
2019-04-12 11:26:09 -Running with Spring Boot v2.0.1.RELEASE, Spring v5.0.5.RELEASE
2019-04-12 11:26:09 -No active profile set, falling back to default profiles: default
2019-04-12 11:26:09 -Refreshing org.springframework.boot.web.servlet.context.AnnotationConfigServletWebServerApplicationContext@3210095b: startup date [Fri Apr 12 11:26:09 CST 2019]; root of context hierarchy
2019-04-12 11:26:09 -Multiple Spring Data modules found, entering strict repository configuration mode!
2019-04-12 11:26:09 -Bean 'org.springframework.cache.annotation.ProxyCachingConfiguration' of type [org.springframework.cache.annotation.ProxyCachingConfiguration$$EnhancerBySpringCGLIB$$2fd6e5b5] is not eligible for getting processed by all BeanPostProcessors (for example: not eligible for auto-proxying)
2019-04-12 11:26:09 -Bean 'org.springframework.boot.autoconfigure.cache.CacheAutoConfiguration' of type [org.springframework.boot.autoconfigure.cache.CacheAutoConfiguration$$EnhancerBySpringCGLIB$$244aaa59] is not eligible for getting processed by all BeanPostProcessors (for example: not eligible for auto-proxying)
2019-04-12 11:26:09 -Bean 'org.springframework.boot.context.properties.ConversionServiceDeducer$Factory' of type [org.springframework.boot.context.properties.ConversionServiceDeducer$Factory] is not eligible for getting processed by all BeanPostProcessors (for example: not eligible for auto-proxying)
2019-04-12 11:26:09 -Bean 'spring.cache-org.springframework.boot.autoconfigure.cache.CacheProperties' of type [org.springframework.boot.autoconfigure.cache.CacheProperties] is not eligible for getting processed by all BeanPostProcessors (for example: not eligible for auto-proxying)
2019-04-12 11:26:09 -Bean 'cacheManagerCustomizers' of type [org.springframework.boot.autoconfigure.cache.CacheManagerCustomizers] is not eligible for getting processed by all BeanPostProcessors (for example: not eligible for auto-proxying)
2019-04-12 11:26:09 -Bean 'org.springframework.boot.autoconfigure.cache.RedisCacheConfiguration' of type [org.springframework.boot.autoconfigure.cache.RedisCacheConfiguration$$EnhancerBySpringCGLIB$$d4dc46b3] is not eligible for getting processed by all BeanPostProcessors (for example: not eligible for auto-proxying)
2019-04-12 11:26:09 -Bean 'spring.redis-org.springframework.boot.autoconfigure.data.redis.RedisProperties' of type [org.springframework.boot.autoconfigure.data.redis.RedisProperties] is not eligible for getting processed by all BeanPostProcessors (for example: not eligible for auto-proxying)
2019-04-12 11:26:09 -Bean 'org.springframework.boot.autoconfigure.data.redis.LettuceConnectionConfiguration' of type [org.springframework.boot.autoconfigure.data.redis.LettuceConnectionConfiguration$$EnhancerBySpringCGLIB$$fbde6de1] is not eligible for getting processed by all BeanPostProcessors (for example: not eligible for auto-proxying)
2019-04-12 11:26:09 -Bean 'lettuceClientResources' of type [io.lettuce.core.resource.DefaultClientResources] is not eligible for getting processed by all BeanPostProcessors (for example: not eligible for auto-proxying)
2019-04-12 11:26:09 -Bean 'redisConnectionFactory' of type [org.springframework.data.redis.connection.lettuce.LettuceConnectionFactory] is not eligible for getting processed by all BeanPostProcessors (for example: not eligible for auto-proxying)
2019-04-12 11:26:09 -Bean 'cacheManager' of type [org.springframework.data.redis.cache.RedisCacheManager] is not eligible for getting processed by all BeanPostProcessors (for example: not eligible for auto-proxying)
2019-04-12 11:26:09 -Bean 'cacheAutoConfigurationValidator' of type [org.springframework.boot.autoconfigure.cache.CacheAutoConfiguration$CacheManagerValidator] is not eligible for getting processed by all BeanPostProcessors (for example: not eligible for auto-proxying)
2019-04-12 11:26:09 -Bean 'org.springframework.transaction.annotation.ProxyTransactionManagementConfiguration' of type [org.springframework.transaction.annotation.ProxyTransactionManagementConfiguration$$EnhancerBySpringCGLIB$$e6c4af97] is not eligible for getting processed by all BeanPostProcessors (for example: not eligible for auto-proxying)
2019-04-12 11:26:10 -Tomcat initialized with port(s): 8088 (http)
2019-04-12 11:26:10 -Initializing ProtocolHandler ["http-nio-8088"]
2019-04-12 11:26:10 -Starting service [Tomcat]
2019-04-12 11:26:10 -Starting Servlet Engine: Apache Tomcat/8.5.29
2019-04-12 11:26:10 -At least one JAR was scanned for TLDs yet contained no TLDs. Enable debug logging for this logger for a complete list of JARs that were scanned but no TLDs were found in them. Skipping unneeded JARs during scanning can improve startup time and JSP compilation time.
2019-04-12 11:26:10 -Initializing Spring embedded WebApplicationContext
2019-04-12 11:26:10 -Root WebApplicationContext: initialization completed in 622 ms
2019-04-12 11:26:10 -Mapping filter: 'characterEncodingFilter' to: [/*]
2019-04-12 11:26:10 -Mapping filter: 'sessionRepositoryFilter' to: [/*]
2019-04-12 11:26:10 -Mapping filter: 'hiddenHttpMethodFilter' to: [/*]
2019-04-12 11:26:10 -Mapping filter: 'httpPutFormContentFilter' to: [/*]
2019-04-12 11:26:10 -Mapping filter: 'requestContextFilter' to: [/*]
2019-04-12 11:26:10 -Mapping filter: 'webStatFilter' to urls: [/*]
2019-04-12 11:26:10 -Servlet dispatcherServlet mapped to [/]
2019-04-12 11:26:10 -Servlet statViewServlet mapped to [/druid/*]
2019-04-12 11:26:10 -Init DruidDataSource
2019-04-12 11:26:10 -{dataSource-2} inited
2019-04-12 11:26:10 -Mapped URL path [/**/favicon.ico] onto handler of type [class org.springframework.web.servlet.resource.ResourceHttpRequestHandler]
2019-04-12 11:26:10 -Looking for @ControllerAdvice: org.springframework.boot.web.servlet.context.AnnotationConfigServletWebServerApplicationContext@3210095b: startup date [Fri Apr 12 11:26:09 CST 2019]; root of context hierarchy
2019-04-12 11:26:10 -Mapped "{[/sendMsg]}" onto public void com.traindo.activeMQ.ProducerController.sendMsg(java.lang.String)
2019-04-12 11:26:10 -Mapped "{[/sendMap]}" onto public void com.traindo.activeMQ.ProducerController.sendMap()
2019-04-12 11:26:10 -Mapped "{[/]}" onto public java.lang.String com.traindo.system.controller.IndexController.index(javax.servlet.http.HttpServletRequest)
2019-04-12 11:26:10 -Mapped "{[/api/getUserInfo]}" onto public com.traindo.common.Json com.traindo.system.controller.LoginController.get(long)
2019-04-12 11:26:10 -Mapped "{[/api/login]}" onto public com.traindo.common.Json com.traindo.system.controller.LoginController.login(javax.servlet.http.HttpServletRequest,java.lang.String,java.lang.String)
2019-04-12 11:26:10 -Mapped "{[/api/loginOut]}" onto public com.traindo.common.Json com.traindo.system.controller.LoginController.loginOut(javax.servlet.http.HttpServletRequest,com.traindo.mapper.entity.SysUser) throws java.lang.Exception
2019-04-12 11:26:10 -Mapped "{[/sys/menu/getList]}" onto public com.traindo.common.Json com.traindo.system.controller.MenuController.getList(javax.servlet.http.HttpServletRequest)
2019-04-12 11:26:10 -Mapped "{[/admin/v1/first],methods=[GET]}" onto public java.util.Map<java.lang.String, java.lang.Object> com.traindo.system.controller.QuickRun.firstResp(javax.servlet.http.HttpServletRequest)
2019-04-12 11:26:10 -Mapped "{[/admin/v1/sessions],methods=[GET]}" onto public java.lang.Object com.traindo.system.controller.QuickRun.sessions(javax.servlet.http.HttpServletRequest)
2019-04-12 11:26:10 -Mapped "{[/error]}" onto public org.springframework.http.ResponseEntity<java.util.Map<java.lang.String, java.lang.Object>> org.springframework.boot.autoconfigure.web.servlet.error.BasicErrorController.error(javax.servlet.http.HttpServletRequest)
2019-04-12 11:26:10 -Mapped "{[/error],produces=[text/html]}" onto public org.springframework.web.servlet.ModelAndView org.springframework.boot.autoconfigure.web.servlet.error.BasicErrorController.errorHtml(javax.servlet.http.HttpServletRequest,javax.servlet.http.HttpServletResponse)
2019-04-12 11:26:10 -Mapped URL path [/webjars/**] onto handler of type [class org.springframework.web.servlet.resource.ResourceHttpRequestHandler]
2019-04-12 11:26:10 -Mapped URL path [/**] onto handler of type [class org.springframework.web.servlet.resource.ResourceHttpRequestHandler]
2019-04-12 11:26:10 -Mapped URL path [/file/upload/**] onto handler of type [class org.springframework.web.servlet.resource.ResourceHttpRequestHandler]
2019-04-12 11:26:10 -LiveReload server is running on port 35729
2019-04-12 11:26:10 -Registering beans for JMX exposure on startup
2019-04-12 11:26:10 -Bean with name 'statFilter' has been autodetected for JMX exposure
2019-04-12 11:26:10 -Bean with name 'dataSource' has been autodetected for JMX exposure
2019-04-12 11:26:10 -Located MBean 'dataSource': registering with JMX server as MBean [com.alibaba.druid.spring.boot.autoconfigure:name=dataSource,type=DruidDataSourceWrapper]
2019-04-12 11:26:10 -Located MBean 'statFilter': registering with JMX server as MBean [com.alibaba.druid.filter.stat:name=statFilter,type=StatFilter]
2019-04-12 11:26:10 -Starting beans in phase 2147483647
2019-04-12 11:26:10 -No TaskScheduler/ScheduledExecutorService bean found for scheduled processing
2019-04-12 11:26:10 -Starting ProtocolHandler ["http-nio-8088"]
2019-04-12 11:26:10 -Using a shared selector for servlet write/read
2019-04-12 11:26:10 -Tomcat started on port(s): 8088 (http) with context path ''
2019-04-12 11:26:10 -Started WebApplication in 1.286 seconds (JVM running for 50.187)
2019-04-12 11:26:10 -Condition evaluation unchanged
2019-04-12 11:26:10 -Application start success！
2019-04-12 11:26:13 -Initializing Spring FrameworkServlet 'dispatcherServlet'
2019-04-12 11:26:13 -FrameworkServlet 'dispatcherServlet': initialization started
2019-04-12 11:26:13 -FrameworkServlet 'dispatcherServlet': initialization completed in 6 ms
2019-04-12 11:26:13 -/
2019-04-12 11:26:35 -Closing org.springframework.boot.web.servlet.context.AnnotationConfigServletWebServerApplicationContext@3210095b: startup date [Fri Apr 12 11:26:09 CST 2019]; root of context hierarchy
2019-04-12 11:26:35 -Stopping beans in phase 2147483647
2019-04-12 11:26:35 -Unregistering JMX-exposed beans on shutdown
2019-04-12 11:26:35 -Unregistering JMX-exposed beans
2019-04-12 11:26:35 -{dataSource-2} closed
2019-04-12 11:26:37 -Starting WebApplication on pc20170426-PC with PID 7524 (C:\Users\pc20170426\git\trainDo\traindo\target\classes started by pc20170426 in C:\Users\pc20170426\git\trainDo\traindo)
2019-04-12 11:26:37 -Running with Spring Boot v2.0.1.RELEASE, Spring v5.0.5.RELEASE
2019-04-12 11:26:37 -No active profile set, falling back to default profiles: default
2019-04-12 11:26:37 -Refreshing org.springframework.boot.web.servlet.context.AnnotationConfigServletWebServerApplicationContext@d7a3ec7: startup date [Fri Apr 12 11:26:37 CST 2019]; root of context hierarchy
2019-04-12 11:26:37 -Multiple Spring Data modules found, entering strict repository configuration mode!
2019-04-12 11:26:37 -Bean 'org.springframework.cache.annotation.ProxyCachingConfiguration' of type [org.springframework.cache.annotation.ProxyCachingConfiguration$$EnhancerBySpringCGLIB$$2fd6e5b5] is not eligible for getting processed by all BeanPostProcessors (for example: not eligible for auto-proxying)
2019-04-12 11:26:37 -Bean 'org.springframework.boot.autoconfigure.cache.CacheAutoConfiguration' of type [org.springframework.boot.autoconfigure.cache.CacheAutoConfiguration$$EnhancerBySpringCGLIB$$244aaa59] is not eligible for getting processed by all BeanPostProcessors (for example: not eligible for auto-proxying)
2019-04-12 11:26:37 -Bean 'org.springframework.boot.context.properties.ConversionServiceDeducer$Factory' of type [org.springframework.boot.context.properties.ConversionServiceDeducer$Factory] is not eligible for getting processed by all BeanPostProcessors (for example: not eligible for auto-proxying)
2019-04-12 11:26:37 -Bean 'spring.cache-org.springframework.boot.autoconfigure.cache.CacheProperties' of type [org.springframework.boot.autoconfigure.cache.CacheProperties] is not eligible for getting processed by all BeanPostProcessors (for example: not eligible for auto-proxying)
2019-04-12 11:26:37 -Bean 'cacheManagerCustomizers' of type [org.springframework.boot.autoconfigure.cache.CacheManagerCustomizers] is not eligible for getting processed by all BeanPostProcessors (for example: not eligible for auto-proxying)
2019-04-12 11:26:37 -Bean 'org.springframework.boot.autoconfigure.cache.RedisCacheConfiguration' of type [org.springframework.boot.autoconfigure.cache.RedisCacheConfiguration$$EnhancerBySpringCGLIB$$d4dc46b3] is not eligible for getting processed by all BeanPostProcessors (for example: not eligible for auto-proxying)
2019-04-12 11:26:37 -Bean 'spring.redis-org.springframework.boot.autoconfigure.data.redis.RedisProperties' of type [org.springframework.boot.autoconfigure.data.redis.RedisProperties] is not eligible for getting processed by all BeanPostProcessors (for example: not eligible for auto-proxying)
2019-04-12 11:26:37 -Bean 'org.springframework.boot.autoconfigure.data.redis.LettuceConnectionConfiguration' of type [org.springframework.boot.autoconfigure.data.redis.LettuceConnectionConfiguration$$EnhancerBySpringCGLIB$$fbde6de1] is not eligible for getting processed by all BeanPostProcessors (for example: not eligible for auto-proxying)
2019-04-12 11:26:37 -Bean 'lettuceClientResources' of type [io.lettuce.core.resource.DefaultClientResources] is not eligible for getting processed by all BeanPostProcessors (for example: not eligible for auto-proxying)
2019-04-12 11:26:37 -Bean 'redisConnectionFactory' of type [org.springframework.data.redis.connection.lettuce.LettuceConnectionFactory] is not eligible for getting processed by all BeanPostProcessors (for example: not eligible for auto-proxying)
2019-04-12 11:26:37 -Bean 'cacheManager' of type [org.springframework.data.redis.cache.RedisCacheManager] is not eligible for getting processed by all BeanPostProcessors (for example: not eligible for auto-proxying)
2019-04-12 11:26:37 -Bean 'cacheAutoConfigurationValidator' of type [org.springframework.boot.autoconfigure.cache.CacheAutoConfiguration$CacheManagerValidator] is not eligible for getting processed by all BeanPostProcessors (for example: not eligible for auto-proxying)
2019-04-12 11:26:37 -Bean 'org.springframework.transaction.annotation.ProxyTransactionManagementConfiguration' of type [org.springframework.transaction.annotation.ProxyTransactionManagementConfiguration$$EnhancerBySpringCGLIB$$e6c4af97] is not eligible for getting processed by all BeanPostProcessors (for example: not eligible for auto-proxying)
2019-04-12 11:26:37 -Tomcat initialized with port(s): 8088 (http)
2019-04-12 11:26:37 -Initializing ProtocolHandler ["http-nio-8088"]
2019-04-12 11:26:37 -Starting service [Tomcat]
2019-04-12 11:26:37 -Starting Servlet Engine: Apache Tomcat/8.5.29
2019-04-12 11:26:37 -At least one JAR was scanned for TLDs yet contained no TLDs. Enable debug logging for this logger for a complete list of JARs that were scanned but no TLDs were found in them. Skipping unneeded JARs during scanning can improve startup time and JSP compilation time.
2019-04-12 11:26:37 -Initializing Spring embedded WebApplicationContext
2019-04-12 11:26:37 -Root WebApplicationContext: initialization completed in 599 ms
2019-04-12 11:26:37 -Mapping filter: 'characterEncodingFilter' to: [/*]
2019-04-12 11:26:37 -Mapping filter: 'sessionRepositoryFilter' to: [/*]
2019-04-12 11:26:37 -Mapping filter: 'hiddenHttpMethodFilter' to: [/*]
2019-04-12 11:26:37 -Mapping filter: 'httpPutFormContentFilter' to: [/*]
2019-04-12 11:26:37 -Mapping filter: 'requestContextFilter' to: [/*]
2019-04-12 11:26:37 -Mapping filter: 'webStatFilter' to urls: [/*]
2019-04-12 11:26:37 -Servlet dispatcherServlet mapped to [/]
2019-04-12 11:26:37 -Servlet statViewServlet mapped to [/druid/*]
2019-04-12 11:26:37 -Init DruidDataSource
2019-04-12 11:26:37 -{dataSource-3} inited
2019-04-12 11:26:37 -Mapped URL path [/**/favicon.ico] onto handler of type [class org.springframework.web.servlet.resource.ResourceHttpRequestHandler]
2019-04-12 11:26:38 -Looking for @ControllerAdvice: org.springframework.boot.web.servlet.context.AnnotationConfigServletWebServerApplicationContext@d7a3ec7: startup date [Fri Apr 12 11:26:37 CST 2019]; root of context hierarchy
2019-04-12 11:26:38 -Mapped "{[/sendMsg]}" onto public void com.traindo.activeMQ.ProducerController.sendMsg(java.lang.String)
2019-04-12 11:26:38 -Mapped "{[/sendMap]}" onto public void com.traindo.activeMQ.ProducerController.sendMap()
2019-04-12 11:26:38 -Mapped "{[/api/getUserInfo]}" onto public com.traindo.common.Json com.traindo.system.controller.LoginController.get(long)
2019-04-12 11:26:38 -Mapped "{[/api/login]}" onto public com.traindo.common.Json com.traindo.system.controller.LoginController.login(javax.servlet.http.HttpServletRequest,java.lang.String,java.lang.String)
2019-04-12 11:26:38 -Mapped "{[/api/loginOut]}" onto public com.traindo.common.Json com.traindo.system.controller.LoginController.loginOut(javax.servlet.http.HttpServletRequest,com.traindo.mapper.entity.SysUser) throws java.lang.Exception
2019-04-12 11:26:38 -Mapped "{[/sys/menu/getList]}" onto public com.traindo.common.Json com.traindo.system.controller.MenuController.getList(javax.servlet.http.HttpServletRequest)
2019-04-12 11:26:38 -Mapped "{[/admin/v1/first],methods=[GET]}" onto public java.util.Map<java.lang.String, java.lang.Object> com.traindo.system.controller.QuickRun.firstResp(javax.servlet.http.HttpServletRequest)
2019-04-12 11:26:38 -Mapped "{[/admin/v1/sessions],methods=[GET]}" onto public java.lang.Object com.traindo.system.controller.QuickRun.sessions(javax.servlet.http.HttpServletRequest)
2019-04-12 11:26:38 -Mapped "{[/error]}" onto public org.springframework.http.ResponseEntity<java.util.Map<java.lang.String, java.lang.Object>> org.springframework.boot.autoconfigure.web.servlet.error.BasicErrorController.error(javax.servlet.http.HttpServletRequest)
2019-04-12 11:26:38 -Mapped "{[/error],produces=[text/html]}" onto public org.springframework.web.servlet.ModelAndView org.springframework.boot.autoconfigure.web.servlet.error.BasicErrorController.errorHtml(javax.servlet.http.HttpServletRequest,javax.servlet.http.HttpServletResponse)
2019-04-12 11:26:38 -Mapped URL path [/webjars/**] onto handler of type [class org.springframework.web.servlet.resource.ResourceHttpRequestHandler]
2019-04-12 11:26:38 -Mapped URL path [/**] onto handler of type [class org.springframework.web.servlet.resource.ResourceHttpRequestHandler]
2019-04-12 11:26:38 -Mapped URL path [/file/upload/**] onto handler of type [class org.springframework.web.servlet.resource.ResourceHttpRequestHandler]
2019-04-12 11:26:38 -LiveReload server is running on port 35729
2019-04-12 11:26:38 -Registering beans for JMX exposure on startup
2019-04-12 11:26:38 -Bean with name 'statFilter' has been autodetected for JMX exposure
2019-04-12 11:26:38 -Bean with name 'dataSource' has been autodetected for JMX exposure
2019-04-12 11:26:38 -Located MBean 'dataSource': registering with JMX server as MBean [com.alibaba.druid.spring.boot.autoconfigure:name=dataSource,type=DruidDataSourceWrapper]
2019-04-12 11:26:38 -Located MBean 'statFilter': registering with JMX server as MBean [com.alibaba.druid.filter.stat:name=statFilter,type=StatFilter]
2019-04-12 11:26:38 -Starting beans in phase 2147483647
2019-04-12 11:26:38 -No TaskScheduler/ScheduledExecutorService bean found for scheduled processing
2019-04-12 11:26:38 -Starting ProtocolHandler ["http-nio-8088"]
2019-04-12 11:26:38 -Using a shared selector for servlet write/read
2019-04-12 11:26:38 -Tomcat started on port(s): 8088 (http) with context path ''
2019-04-12 11:26:38 -Started WebApplication in 1.282 seconds (JVM running for 77.682)
2019-04-12 11:26:38 -Condition evaluation unchanged
2019-04-12 11:26:38 -Application start success！
2019-04-12 11:27:53 -Closing org.springframework.boot.web.servlet.context.AnnotationConfigServletWebServerApplicationContext@d7a3ec7: startup date [Fri Apr 12 11:26:37 CST 2019]; root of context hierarchy
2019-04-12 11:27:53 -Stopping beans in phase 2147483647
2019-04-12 11:27:53 -Unregistering JMX-exposed beans on shutdown
2019-04-12 11:27:53 -Unregistering JMX-exposed beans
2019-04-12 11:27:53 -{dataSource-3} closed
2019-04-12 11:27:54 -Starting WebApplication on pc20170426-PC with PID 7524 (C:\Users\pc20170426\git\trainDo\traindo\target\classes started by pc20170426 in C:\Users\pc20170426\git\trainDo\traindo)
2019-04-12 11:27:54 -Running with Spring Boot v2.0.1.RELEASE, Spring v5.0.5.RELEASE
2019-04-12 11:27:54 -No active profile set, falling back to default profiles: default
2019-04-12 11:27:54 -Refreshing org.springframework.boot.web.servlet.context.AnnotationConfigServletWebServerApplicationContext@74c83994: startup date [Fri Apr 12 11:27:54 CST 2019]; root of context hierarchy
2019-04-12 11:27:54 -Multiple Spring Data modules found, entering strict repository configuration mode!
2019-04-12 11:27:54 -Bean 'org.springframework.cache.annotation.ProxyCachingConfiguration' of type [org.springframework.cache.annotation.ProxyCachingConfiguration$$EnhancerBySpringCGLIB$$2fd6e5b5] is not eligible for getting processed by all BeanPostProcessors (for example: not eligible for auto-proxying)
2019-04-12 11:27:54 -Bean 'org.springframework.boot.autoconfigure.cache.CacheAutoConfiguration' of type [org.springframework.boot.autoconfigure.cache.CacheAutoConfiguration$$EnhancerBySpringCGLIB$$244aaa59] is not eligible for getting processed by all BeanPostProcessors (for example: not eligible for auto-proxying)
2019-04-12 11:27:54 -Bean 'org.springframework.boot.context.properties.ConversionServiceDeducer$Factory' of type [org.springframework.boot.context.properties.ConversionServiceDeducer$Factory] is not eligible for getting processed by all BeanPostProcessors (for example: not eligible for auto-proxying)
2019-04-12 11:27:54 -Bean 'spring.cache-org.springframework.boot.autoconfigure.cache.CacheProperties' of type [org.springframework.boot.autoconfigure.cache.CacheProperties] is not eligible for getting processed by all BeanPostProcessors (for example: not eligible for auto-proxying)
2019-04-12 11:27:54 -Bean 'cacheManagerCustomizers' of type [org.springframework.boot.autoconfigure.cache.CacheManagerCustomizers] is not eligible for getting processed by all BeanPostProcessors (for example: not eligible for auto-proxying)
2019-04-12 11:27:54 -Bean 'org.springframework.boot.autoconfigure.cache.RedisCacheConfiguration' of type [org.springframework.boot.autoconfigure.cache.RedisCacheConfiguration$$EnhancerBySpringCGLIB$$d4dc46b3] is not eligible for getting processed by all BeanPostProcessors (for example: not eligible for auto-proxying)
2019-04-12 11:27:54 -Bean 'spring.redis-org.springframework.boot.autoconfigure.data.redis.RedisProperties' of type [org.springframework.boot.autoconfigure.data.redis.RedisProperties] is not eligible for getting processed by all BeanPostProcessors (for example: not eligible for auto-proxying)
2019-04-12 11:27:54 -Bean 'org.springframework.boot.autoconfigure.data.redis.LettuceConnectionConfiguration' of type [org.springframework.boot.autoconfigure.data.redis.LettuceConnectionConfiguration$$EnhancerBySpringCGLIB$$fbde6de1] is not eligible for getting processed by all BeanPostProcessors (for example: not eligible for auto-proxying)
2019-04-12 11:27:54 -Bean 'lettuceClientResources' of type [io.lettuce.core.resource.DefaultClientResources] is not eligible for getting processed by all BeanPostProcessors (for example: not eligible for auto-proxying)
2019-04-12 11:27:54 -Bean 'redisConnectionFactory' of type [org.springframework.data.redis.connection.lettuce.LettuceConnectionFactory] is not eligible for getting processed by all BeanPostProcessors (for example: not eligible for auto-proxying)
2019-04-12 11:27:54 -Bean 'cacheManager' of type [org.springframework.data.redis.cache.RedisCacheManager] is not eligible for getting processed by all BeanPostProcessors (for example: not eligible for auto-proxying)
2019-04-12 11:27:54 -Bean 'cacheAutoConfigurationValidator' of type [org.springframework.boot.autoconfigure.cache.CacheAutoConfiguration$CacheManagerValidator] is not eligible for getting processed by all BeanPostProcessors (for example: not eligible for auto-proxying)
2019-04-12 11:27:54 -Bean 'org.springframework.transaction.annotation.ProxyTransactionManagementConfiguration' of type [org.springframework.transaction.annotation.ProxyTransactionManagementConfiguration$$EnhancerBySpringCGLIB$$e6c4af97] is not eligible for getting processed by all BeanPostProcessors (for example: not eligible for auto-proxying)
2019-04-12 11:27:54 -Tomcat initialized with port(s): 8088 (http)
2019-04-12 11:27:54 -Initializing ProtocolHandler ["http-nio-8088"]
2019-04-12 11:27:54 -Starting service [Tomcat]
2019-04-12 11:27:54 -Starting Servlet Engine: Apache Tomcat/8.5.29
2019-04-12 11:27:55 -At least one JAR was scanned for TLDs yet contained no TLDs. Enable debug logging for this logger for a complete list of JARs that were scanned but no TLDs were found in them. Skipping unneeded JARs during scanning can improve startup time and JSP compilation time.
2019-04-12 11:27:55 -Initializing Spring embedded WebApplicationContext
2019-04-12 11:27:55 -Root WebApplicationContext: initialization completed in 547 ms
2019-04-12 11:27:55 -Mapping filter: 'characterEncodingFilter' to: [/*]
2019-04-12 11:27:55 -Mapping filter: 'sessionRepositoryFilter' to: [/*]
2019-04-12 11:27:55 -Mapping filter: 'hiddenHttpMethodFilter' to: [/*]
2019-04-12 11:27:55 -Mapping filter: 'httpPutFormContentFilter' to: [/*]
2019-04-12 11:27:55 -Mapping filter: 'requestContextFilter' to: [/*]
2019-04-12 11:27:55 -Mapping filter: 'webStatFilter' to urls: [/*]
2019-04-12 11:27:55 -Servlet dispatcherServlet mapped to [/]
2019-04-12 11:27:55 -Servlet statViewServlet mapped to [/druid/*]
2019-04-12 11:27:55 -Init DruidDataSource
2019-04-12 11:27:55 -{dataSource-4} inited
2019-04-12 11:27:55 -Mapped URL path [/**/favicon.ico] onto handler of type [class org.springframework.web.servlet.resource.ResourceHttpRequestHandler]
2019-04-12 11:27:55 -Looking for @ControllerAdvice: org.springframework.boot.web.servlet.context.AnnotationConfigServletWebServerApplicationContext@74c83994: startup date [Fri Apr 12 11:27:54 CST 2019]; root of context hierarchy
2019-04-12 11:27:55 -Mapped "{[/sendMsg]}" onto public void com.traindo.activeMQ.ProducerController.sendMsg(java.lang.String)
2019-04-12 11:27:55 -Mapped "{[/sendMap]}" onto public void com.traindo.activeMQ.ProducerController.sendMap()
2019-04-12 11:27:55 -Mapped "{[/api/getUserInfo]}" onto public com.traindo.common.Json com.traindo.system.controller.LoginController.get(long)
2019-04-12 11:27:55 -Mapped "{[/api/login]}" onto public com.traindo.common.Json com.traindo.system.controller.LoginController.login(javax.servlet.http.HttpServletRequest,java.lang.String,java.lang.String)
2019-04-12 11:27:55 -Mapped "{[/api/loginOut]}" onto public com.traindo.common.Json com.traindo.system.controller.LoginController.loginOut(javax.servlet.http.HttpServletRequest,com.traindo.mapper.entity.SysUser) throws java.lang.Exception
2019-04-12 11:27:55 -Mapped "{[/sys/menu/getList]}" onto public com.traindo.common.Json com.traindo.system.controller.MenuController.getList(javax.servlet.http.HttpServletRequest)
2019-04-12 11:27:55 -Mapped "{[/admin/v1/first],methods=[GET]}" onto public java.util.Map<java.lang.String, java.lang.Object> com.traindo.system.controller.QuickRun.firstResp(javax.servlet.http.HttpServletRequest)
2019-04-12 11:27:55 -Mapped "{[/admin/v1/sessions],methods=[GET]}" onto public java.lang.Object com.traindo.system.controller.QuickRun.sessions(javax.servlet.http.HttpServletRequest)
2019-04-12 11:27:55 -Mapped "{[/error]}" onto public org.springframework.http.ResponseEntity<java.util.Map<java.lang.String, java.lang.Object>> org.springframework.boot.autoconfigure.web.servlet.error.BasicErrorController.error(javax.servlet.http.HttpServletRequest)
2019-04-12 11:27:55 -Mapped "{[/error],produces=[text/html]}" onto public org.springframework.web.servlet.ModelAndView org.springframework.boot.autoconfigure.web.servlet.error.BasicErrorController.errorHtml(javax.servlet.http.HttpServletRequest,javax.servlet.http.HttpServletResponse)
2019-04-12 11:27:55 -Mapped URL path [/webjars/**] onto handler of type [class org.springframework.web.servlet.resource.ResourceHttpRequestHandler]
2019-04-12 11:27:55 -Mapped URL path [/**] onto handler of type [class org.springframework.web.servlet.resource.ResourceHttpRequestHandler]
2019-04-12 11:27:55 -Mapped URL path [/file/upload/**] onto handler of type [class org.springframework.web.servlet.resource.ResourceHttpRequestHandler]
2019-04-12 11:27:55 -LiveReload server is running on port 35729
2019-04-12 11:27:55 -Registering beans for JMX exposure on startup
2019-04-12 11:27:55 -Bean with name 'statFilter' has been autodetected for JMX exposure
2019-04-12 11:27:55 -Bean with name 'dataSource' has been autodetected for JMX exposure
2019-04-12 11:27:55 -Located MBean 'dataSource': registering with JMX server as MBean [com.alibaba.druid.spring.boot.autoconfigure:name=dataSource,type=DruidDataSourceWrapper]
2019-04-12 11:27:55 -Located MBean 'statFilter': registering with JMX server as MBean [com.alibaba.druid.filter.stat:name=statFilter,type=StatFilter]
2019-04-12 11:27:55 -Starting beans in phase 2147483647
2019-04-12 11:27:55 -No TaskScheduler/ScheduledExecutorService bean found for scheduled processing
2019-04-12 11:27:55 -Starting ProtocolHandler ["http-nio-8088"]
2019-04-12 11:27:55 -Using a shared selector for servlet write/read
2019-04-12 11:27:55 -Tomcat started on port(s): 8088 (http) with context path ''
2019-04-12 11:27:55 -Started WebApplication in 1.224 seconds (JVM running for 155.122)
2019-04-12 11:27:55 -Condition evaluation unchanged
2019-04-12 11:27:55 -Application start success！
2019-04-12 11:34:47 -Initializing Spring FrameworkServlet 'dispatcherServlet'
2019-04-12 11:34:47 -FrameworkServlet 'dispatcherServlet': initialization started
2019-04-12 11:34:47 -FrameworkServlet 'dispatcherServlet': initialization completed in 4 ms
2019-04-12 11:48:35 -Closing org.springframework.boot.web.servlet.context.AnnotationConfigServletWebServerApplicationContext@74c83994: startup date [Fri Apr 12 11:27:54 CST 2019]; root of context hierarchy
2019-04-12 11:48:35 -Stopping beans in phase 2147483647
2019-04-12 11:48:35 -Unregistering JMX-exposed beans on shutdown
2019-04-12 11:48:35 -Unregistering JMX-exposed beans
2019-04-12 11:48:35 -{dataSource-4} closed
2019-04-12 11:48:36 -Starting WebApplication on pc20170426-PC with PID 7524 (C:\Users\pc20170426\git\trainDo\traindo\target\classes started by pc20170426 in C:\Users\pc20170426\git\trainDo\traindo)
2019-04-12 11:48:36 -Running with Spring Boot v2.0.1.RELEASE, Spring v5.0.5.RELEASE
2019-04-12 11:48:36 -No active profile set, falling back to default profiles: default
2019-04-12 11:48:36 -Refreshing org.springframework.boot.web.servlet.context.AnnotationConfigServletWebServerApplicationContext@56794a59: startup date [Fri Apr 12 11:48:36 CST 2019]; root of context hierarchy
2019-04-12 11:48:36 -Multiple Spring Data modules found, entering strict repository configuration mode!
2019-04-12 11:48:37 -Bean 'org.springframework.cache.annotation.ProxyCachingConfiguration' of type [org.springframework.cache.annotation.ProxyCachingConfiguration$$EnhancerBySpringCGLIB$$2fd6e5b5] is not eligible for getting processed by all BeanPostProcessors (for example: not eligible for auto-proxying)
2019-04-12 11:48:37 -Bean 'org.springframework.boot.autoconfigure.cache.CacheAutoConfiguration' of type [org.springframework.boot.autoconfigure.cache.CacheAutoConfiguration$$EnhancerBySpringCGLIB$$244aaa59] is not eligible for getting processed by all BeanPostProcessors (for example: not eligible for auto-proxying)
2019-04-12 11:48:37 -Bean 'org.springframework.boot.context.properties.ConversionServiceDeducer$Factory' of type [org.springframework.boot.context.properties.ConversionServiceDeducer$Factory] is not eligible for getting processed by all BeanPostProcessors (for example: not eligible for auto-proxying)
2019-04-12 11:48:37 -Bean 'spring.cache-org.springframework.boot.autoconfigure.cache.CacheProperties' of type [org.springframework.boot.autoconfigure.cache.CacheProperties] is not eligible for getting processed by all BeanPostProcessors (for example: not eligible for auto-proxying)
2019-04-12 11:48:37 -Bean 'cacheManagerCustomizers' of type [org.springframework.boot.autoconfigure.cache.CacheManagerCustomizers] is not eligible for getting processed by all BeanPostProcessors (for example: not eligible for auto-proxying)
2019-04-12 11:48:37 -Bean 'org.springframework.boot.autoconfigure.cache.RedisCacheConfiguration' of type [org.springframework.boot.autoconfigure.cache.RedisCacheConfiguration$$EnhancerBySpringCGLIB$$d4dc46b3] is not eligible for getting processed by all BeanPostProcessors (for example: not eligible for auto-proxying)
2019-04-12 11:48:37 -Bean 'spring.redis-org.springframework.boot.autoconfigure.data.redis.RedisProperties' of type [org.springframework.boot.autoconfigure.data.redis.RedisProperties] is not eligible for getting processed by all BeanPostProcessors (for example: not eligible for auto-proxying)
2019-04-12 11:48:37 -Bean 'org.springframework.boot.autoconfigure.data.redis.LettuceConnectionConfiguration' of type [org.springframework.boot.autoconfigure.data.redis.LettuceConnectionConfiguration$$EnhancerBySpringCGLIB$$fbde6de1] is not eligible for getting processed by all BeanPostProcessors (for example: not eligible for auto-proxying)
2019-04-12 11:48:37 -Bean 'lettuceClientResources' of type [io.lettuce.core.resource.DefaultClientResources] is not eligible for getting processed by all BeanPostProcessors (for example: not eligible for auto-proxying)
2019-04-12 11:48:37 -Bean 'redisConnectionFactory' of type [org.springframework.data.redis.connection.lettuce.LettuceConnectionFactory] is not eligible for getting processed by all BeanPostProcessors (for example: not eligible for auto-proxying)
2019-04-12 11:48:37 -Bean 'cacheManager' of type [org.springframework.data.redis.cache.RedisCacheManager] is not eligible for getting processed by all BeanPostProcessors (for example: not eligible for auto-proxying)
2019-04-12 11:48:37 -Bean 'cacheAutoConfigurationValidator' of type [org.springframework.boot.autoconfigure.cache.CacheAutoConfiguration$CacheManagerValidator] is not eligible for getting processed by all BeanPostProcessors (for example: not eligible for auto-proxying)
2019-04-12 11:48:37 -Bean 'org.springframework.transaction.annotation.ProxyTransactionManagementConfiguration' of type [org.springframework.transaction.annotation.ProxyTransactionManagementConfiguration$$EnhancerBySpringCGLIB$$e6c4af97] is not eligible for getting processed by all BeanPostProcessors (for example: not eligible for auto-proxying)
2019-04-12 11:48:37 -Tomcat initialized with port(s): 8088 (http)
2019-04-12 11:48:37 -Initializing ProtocolHandler ["http-nio-8088"]
2019-04-12 11:48:37 -Starting service [Tomcat]
2019-04-12 11:48:37 -Starting Servlet Engine: Apache Tomcat/8.5.29
2019-04-12 11:48:37 -At least one JAR was scanned for TLDs yet contained no TLDs. Enable debug logging for this logger for a complete list of JARs that were scanned but no TLDs were found in them. Skipping unneeded JARs during scanning can improve startup time and JSP compilation time.
2019-04-12 11:48:37 -Initializing Spring embedded WebApplicationContext
2019-04-12 11:48:37 -Root WebApplicationContext: initialization completed in 837 ms
2019-04-12 11:48:37 -Mapping filter: 'characterEncodingFilter' to: [/*]
2019-04-12 11:48:37 -Mapping filter: 'sessionRepositoryFilter' to: [/*]
2019-04-12 11:48:37 -Mapping filter: 'hiddenHttpMethodFilter' to: [/*]
2019-04-12 11:48:37 -Mapping filter: 'httpPutFormContentFilter' to: [/*]
2019-04-12 11:48:37 -Mapping filter: 'requestContextFilter' to: [/*]
2019-04-12 11:48:37 -Mapping filter: 'webStatFilter' to urls: [/*]
2019-04-12 11:48:37 -Servlet dispatcherServlet mapped to [/]
2019-04-12 11:48:37 -Servlet statViewServlet mapped to [/druid/*]
2019-04-12 11:48:37 -Init DruidDataSource
2019-04-12 11:48:37 -{dataSource-5} inited
2019-04-12 11:48:37 -Mapped URL path [/**/favicon.ico] onto handler of type [class org.springframework.web.servlet.resource.ResourceHttpRequestHandler]
2019-04-12 11:48:38 -Looking for @ControllerAdvice: org.springframework.boot.web.servlet.context.AnnotationConfigServletWebServerApplicationContext@56794a59: startup date [Fri Apr 12 11:48:36 CST 2019]; root of context hierarchy
2019-04-12 11:48:38 -Mapped "{[/sendMsg]}" onto public void com.traindo.activeMQ.ProducerController.sendMsg(java.lang.String)
2019-04-12 11:48:38 -Mapped "{[/sendMap]}" onto public void com.traindo.activeMQ.ProducerController.sendMap()
2019-04-12 11:48:38 -Mapped "{[/api/getUserInfo]}" onto public com.traindo.common.Json com.traindo.system.controller.LoginController.get(long)
2019-04-12 11:48:38 -Mapped "{[/api/login]}" onto public com.traindo.common.Json com.traindo.system.controller.LoginController.login(javax.servlet.http.HttpServletRequest,java.lang.String,java.lang.String)
2019-04-12 11:48:38 -Mapped "{[/api/loginOut]}" onto public com.traindo.common.Json com.traindo.system.controller.LoginController.loginOut(javax.servlet.http.HttpServletRequest,com.traindo.mapper.entity.SysUser) throws java.lang.Exception
2019-04-12 11:48:38 -Mapped "{[/sys/menu/getList]}" onto public com.traindo.common.Json com.traindo.system.controller.MenuController.getList(javax.servlet.http.HttpServletRequest)
2019-04-12 11:48:38 -Mapped "{[/admin/v1/first],methods=[GET]}" onto public java.util.Map<java.lang.String, java.lang.Object> com.traindo.system.controller.QuickRun.firstResp(javax.servlet.http.HttpServletRequest)
2019-04-12 11:48:38 -Mapped "{[/admin/v1/sessions],methods=[GET]}" onto public java.lang.Object com.traindo.system.controller.QuickRun.sessions(javax.servlet.http.HttpServletRequest)
2019-04-12 11:48:38 -Mapped "{[/error]}" onto public org.springframework.http.ResponseEntity<java.util.Map<java.lang.String, java.lang.Object>> org.springframework.boot.autoconfigure.web.servlet.error.BasicErrorController.error(javax.servlet.http.HttpServletRequest)
2019-04-12 11:48:38 -Mapped "{[/error],produces=[text/html]}" onto public org.springframework.web.servlet.ModelAndView org.springframework.boot.autoconfigure.web.servlet.error.BasicErrorController.errorHtml(javax.servlet.http.HttpServletRequest,javax.servlet.http.HttpServletResponse)
2019-04-12 11:48:38 -Mapped URL path [/webjars/**] onto handler of type [class org.springframework.web.servlet.resource.ResourceHttpRequestHandler]
2019-04-12 11:48:38 -Mapped URL path [/**] onto handler of type [class org.springframework.web.servlet.resource.ResourceHttpRequestHandler]
2019-04-12 11:48:38 -Mapped URL path [/file/upload/**] onto handler of type [class org.springframework.web.servlet.resource.ResourceHttpRequestHandler]
2019-04-12 11:48:38 -LiveReload server is running on port 35729
2019-04-12 11:48:38 -Registering beans for JMX exposure on startup
2019-04-12 11:48:38 -Bean with name 'statFilter' has been autodetected for JMX exposure
2019-04-12 11:48:38 -Bean with name 'dataSource' has been autodetected for JMX exposure
2019-04-12 11:48:38 -Located MBean 'dataSource': registering with JMX server as MBean [com.alibaba.druid.spring.boot.autoconfigure:name=dataSource,type=DruidDataSourceWrapper]
2019-04-12 11:48:38 -Located MBean 'statFilter': registering with JMX server as MBean [com.alibaba.druid.filter.stat:name=statFilter,type=StatFilter]
2019-04-12 11:48:38 -Starting beans in phase 2147483647
2019-04-12 11:48:38 -No TaskScheduler/ScheduledExecutorService bean found for scheduled processing
2019-04-12 11:48:38 -Starting ProtocolHandler ["http-nio-8088"]
2019-04-12 11:48:38 -Using a shared selector for servlet write/read
2019-04-12 11:48:38 -Tomcat started on port(s): 8088 (http) with context path ''
2019-04-12 11:48:38 -Started WebApplication in 1.746 seconds (JVM running for 1397.679)
2019-04-12 11:48:38 -Condition evaluation unchanged
2019-04-12 11:48:38 -Application start success！
