2019-03-29 10:56:12 -Starting WebApplication on pc20170426-PC with PID 8068 (E:\myGit\traindo\traindo\target\classes started by pc20170426 in E:\myGit\traindo\traindo)
2019-03-29 10:56:12 -Running with Spring Boot v2.0.1.RELEASE, Spring v5.0.5.RELEASE
2019-03-29 10:56:12 -No active profile set, falling back to default profiles: default
2019-03-29 10:56:13 -Refreshing org.springframework.boot.web.servlet.context.AnnotationConfigServletWebServerApplicationContext@4ddd6bda: startup date [Fri Mar 29 10:56:13 CST 2019]; root of context hierarchy
2019-03-29 10:56:15 -Multiple Spring Data modules found, entering strict repository configuration mode!
2019-03-29 10:56:16 -Bean 'org.springframework.cache.annotation.ProxyCachingConfiguration' of type [org.springframework.cache.annotation.ProxyCachingConfiguration$$EnhancerBySpringCGLIB$$aaf3a160] is not eligible for getting processed by all BeanPostProcessors (for example: not eligible for auto-proxying)
2019-03-29 10:56:16 -Bean 'org.springframework.boot.autoconfigure.cache.CacheAutoConfiguration' of type [org.springframework.boot.autoconfigure.cache.CacheAutoConfiguration$$EnhancerBySpringCGLIB$$9f676604] is not eligible for getting processed by all BeanPostProcessors (for example: not eligible for auto-proxying)
2019-03-29 10:56:16 -Bean 'org.springframework.boot.context.properties.ConversionServiceDeducer$Factory' of type [org.springframework.boot.context.properties.ConversionServiceDeducer$Factory] is not eligible for getting processed by all BeanPostProcessors (for example: not eligible for auto-proxying)
2019-03-29 10:56:16 -Bean 'spring.cache-org.springframework.boot.autoconfigure.cache.CacheProperties' of type [org.springframework.boot.autoconfigure.cache.CacheProperties] is not eligible for getting processed by all BeanPostProcessors (for example: not eligible for auto-proxying)
2019-03-29 10:56:16 -Bean 'cacheManagerCustomizers' of type [org.springframework.boot.autoconfigure.cache.CacheManagerCustomizers] is not eligible for getting processed by all BeanPostProcessors (for example: not eligible for auto-proxying)
2019-03-29 10:56:16 -Bean 'org.springframework.boot.autoconfigure.cache.RedisCacheConfiguration' of type [org.springframework.boot.autoconfigure.cache.RedisCacheConfiguration$$EnhancerBySpringCGLIB$$4ff9025e] is not eligible for getting processed by all BeanPostProcessors (for example: not eligible for auto-proxying)
2019-03-29 10:56:16 -Bean 'spring.redis-org.springframework.boot.autoconfigure.data.redis.RedisProperties' of type [org.springframework.boot.autoconfigure.data.redis.RedisProperties] is not eligible for getting processed by all BeanPostProcessors (for example: not eligible for auto-proxying)
2019-03-29 10:56:16 -Bean 'org.springframework.boot.autoconfigure.data.redis.LettuceConnectionConfiguration' of type [org.springframework.boot.autoconfigure.data.redis.LettuceConnectionConfiguration$$EnhancerBySpringCGLIB$$76fb298c] is not eligible for getting processed by all BeanPostProcessors (for example: not eligible for auto-proxying)
2019-03-29 10:56:16 -Bean 'lettuceClientResources' of type [io.lettuce.core.resource.DefaultClientResources] is not eligible for getting processed by all BeanPostProcessors (for example: not eligible for auto-proxying)
2019-03-29 10:56:16 -Bean 'redisConnectionFactory' of type [org.springframework.data.redis.connection.lettuce.LettuceConnectionFactory] is not eligible for getting processed by all BeanPostProcessors (for example: not eligible for auto-proxying)
2019-03-29 10:56:16 -Bean 'cacheManager' of type [org.springframework.data.redis.cache.RedisCacheManager] is not eligible for getting processed by all BeanPostProcessors (for example: not eligible for auto-proxying)
2019-03-29 10:56:16 -Bean 'cacheAutoConfigurationValidator' of type [org.springframework.boot.autoconfigure.cache.CacheAutoConfiguration$CacheManagerValidator] is not eligible for getting processed by all BeanPostProcessors (for example: not eligible for auto-proxying)
2019-03-29 10:56:16 -Bean 'org.springframework.transaction.annotation.ProxyTransactionManagementConfiguration' of type [org.springframework.transaction.annotation.ProxyTransactionManagementConfiguration$$EnhancerBySpringCGLIB$$61e16b42] is not eligible for getting processed by all BeanPostProcessors (for example: not eligible for auto-proxying)
2019-03-29 10:56:17 -Tomcat initialized with port(s): 8088 (http)
2019-03-29 10:56:17 -Initializing ProtocolHandler ["http-nio-8088"]
2019-03-29 10:56:17 -Starting service [Tomcat]
2019-03-29 10:56:17 -Starting Servlet Engine: Apache Tomcat/8.5.29
2019-03-29 10:56:17 -The APR based Apache Tomcat Native library which allows optimal performance in production environments was not found on the java.library.path: [D:\android\jdk1.8\bin;C:\Windows\Sun\Java\bin;C:\Windows\system32;C:\Windows;C:/Program Files/Java/jdk1.8.0_171/bin/../jre/bin/server;C:/Program Files/Java/jdk1.8.0_171/bin/../jre/bin;C:/Program Files/Java/jdk1.8.0_171/bin/../jre/lib/amd64;D:\Chrome下载\Git\cmd;C:\Program Files\Java\jdk1.8.0_171\bin;D:\Chrome下载\apache-maven-3.5.3-bin\apache-maven-3.5.3\bin;D:\TortoiseSVN\bin;C:\Program Files\MySQL\mysql-5.6.26-winx64\bin;C:\Windows\system32;;C:\Program Files (x86)\Bitvise Tunnelier;D:\nodeJS;;D:\eclipse;;.]
2019-03-29 10:56:17 -At least one JAR was scanned for TLDs yet contained no TLDs. Enable debug logging for this logger for a complete list of JARs that were scanned but no TLDs were found in them. Skipping unneeded JARs during scanning can improve startup time and JSP compilation time.
2019-03-29 10:56:17 -Initializing Spring embedded WebApplicationContext
2019-03-29 10:56:17 -Root WebApplicationContext: initialization completed in 4587 ms
2019-03-29 10:56:18 -Mapping filter: 'characterEncodingFilter' to: [/*]
2019-03-29 10:56:18 -Mapping filter: 'sessionRepositoryFilter' to: [/*]
2019-03-29 10:56:18 -Mapping filter: 'hiddenHttpMethodFilter' to: [/*]
2019-03-29 10:56:18 -Mapping filter: 'httpPutFormContentFilter' to: [/*]
2019-03-29 10:56:18 -Mapping filter: 'requestContextFilter' to: [/*]
2019-03-29 10:56:18 -Mapping filter: 'webStatFilter' to urls: [/*]
2019-03-29 10:56:18 -Servlet dispatcherServlet mapped to [/]
2019-03-29 10:56:18 -Servlet statViewServlet mapped to [/druid/*]
2019-03-29 10:56:18 -Init DruidDataSource
2019-03-29 10:56:18 -{dataSource-1} inited
2019-03-29 10:56:19 -Starting without optional epoll library
2019-03-29 10:56:19 -Starting without optional kqueue library
2019-03-29 10:56:19 -Mapped URL path [/**/favicon.ico] onto handler of type [class org.springframework.web.servlet.resource.ResourceHttpRequestHandler]
2019-03-29 10:56:20 -Looking for @ControllerAdvice: org.springframework.boot.web.servlet.context.AnnotationConfigServletWebServerApplicationContext@4ddd6bda: startup date [Fri Mar 29 10:56:13 CST 2019]; root of context hierarchy
2019-03-29 10:56:20 -Mapped "{[/sendMap]}" onto public void com.traindo.activeMQ.ProducerController.sendMap()
2019-03-29 10:56:20 -Mapped "{[/sendMsg]}" onto public void com.traindo.activeMQ.ProducerController.sendMsg(java.lang.String)
2019-03-29 10:56:20 -Mapped "{[/getUserInfo]}" onto public com.traindo.common.Json com.traindo.system.controller.LoginController.get(long)
2019-03-29 10:56:20 -Mapped "{[/login]}" onto public com.traindo.common.Json com.traindo.system.controller.LoginController.login(javax.servlet.http.HttpServletRequest,java.lang.String,java.lang.String)
2019-03-29 10:56:20 -Mapped "{[/loginOut]}" onto public com.traindo.common.Json com.traindo.system.controller.LoginController.loginOut(javax.servlet.http.HttpServletRequest,com.traindo.mapper.entity.SysUser) throws java.lang.Exception
2019-03-29 10:56:20 -Mapped "{[/sys/menu/getList]}" onto public com.traindo.common.Json com.traindo.system.controller.MenuController.getList(javax.servlet.http.HttpServletRequest)
2019-03-29 10:56:20 -Mapped "{[/admin/v1/first],methods=[GET]}" onto public java.util.Map<java.lang.String, java.lang.Object> com.traindo.system.controller.QuickRun.firstResp(javax.servlet.http.HttpServletRequest)
2019-03-29 10:56:20 -Mapped "{[/admin/v1/sessions],methods=[GET]}" onto public java.lang.Object com.traindo.system.controller.QuickRun.sessions(javax.servlet.http.HttpServletRequest)
2019-03-29 10:56:20 -Mapped "{[/error]}" onto public org.springframework.http.ResponseEntity<java.util.Map<java.lang.String, java.lang.Object>> org.springframework.boot.autoconfigure.web.servlet.error.BasicErrorController.error(javax.servlet.http.HttpServletRequest)
2019-03-29 10:56:20 -Mapped "{[/error],produces=[text/html]}" onto public org.springframework.web.servlet.ModelAndView org.springframework.boot.autoconfigure.web.servlet.error.BasicErrorController.errorHtml(javax.servlet.http.HttpServletRequest,javax.servlet.http.HttpServletResponse)
2019-03-29 10:56:20 -Mapped URL path [/webjars/**] onto handler of type [class org.springframework.web.servlet.resource.ResourceHttpRequestHandler]
2019-03-29 10:56:20 -Mapped URL path [/**] onto handler of type [class org.springframework.web.servlet.resource.ResourceHttpRequestHandler]
2019-03-29 10:56:20 -Mapped URL path [/file/upload/**] onto handler of type [class org.springframework.web.servlet.resource.ResourceHttpRequestHandler]
2019-03-29 10:56:21 -LiveReload server is running on port 35729
2019-03-29 10:56:21 -Registering beans for JMX exposure on startup
2019-03-29 10:56:21 -Bean with name 'statFilter' has been autodetected for JMX exposure
2019-03-29 10:56:21 -Bean with name 'dataSource' has been autodetected for JMX exposure
2019-03-29 10:56:21 -Located MBean 'dataSource': registering with JMX server as MBean [com.alibaba.druid.spring.boot.autoconfigure:name=dataSource,type=DruidDataSourceWrapper]
2019-03-29 10:56:21 -Located MBean 'statFilter': registering with JMX server as MBean [com.alibaba.druid.filter.stat:name=statFilter,type=StatFilter]
2019-03-29 10:56:21 -Starting beans in phase 2147483647
2019-03-29 10:56:21 -No TaskScheduler/ScheduledExecutorService bean found for scheduled processing
2019-03-29 10:56:21 -Starting ProtocolHandler ["http-nio-8088"]
2019-03-29 10:56:21 -Using a shared selector for servlet write/read
2019-03-29 10:56:21 -Tomcat started on port(s): 8088 (http) with context path ''
2019-03-29 10:56:21 -Started WebApplication in 9.593 seconds (JVM running for 10.249)
2019-03-29 10:56:21 -Application start success！
2019-03-29 10:57:07 -Initializing Spring FrameworkServlet 'dispatcherServlet'
2019-03-29 10:57:07 -FrameworkServlet 'dispatcherServlet': initialization started
2019-03-29 10:57:07 -FrameworkServlet 'dispatcherServlet': initialization completed in 37 ms
2019-03-29 10:57:07 -/
2019-03-29 10:57:19 -/login
2019-03-29 10:57:20 -==>  Preparing: select user_id, username, name, password, dept_id, email, mobile, status, user_id_create, gmt_create, gmt_modified, sex, birth, pic_id, live_address, hobby, province, city, district from sys_user where username = ? 
2019-03-29 10:57:20 -==> Parameters: null
2019-03-29 10:57:20 -<==      Total: 0
2019-03-29 11:03:46 -/api/login
2019-03-29 11:11:00 -/api/login
2019-03-29 11:14:55 -/api/login
2019-03-29 11:28:10 -Starting WebApplication on pc20170426-PC with PID 3360 (E:\myGit\traindo\traindo\target\classes started by pc20170426 in E:\myGit\traindo\traindo)
2019-03-29 11:28:10 -Running with Spring Boot v2.0.1.RELEASE, Spring v5.0.5.RELEASE
2019-03-29 11:28:10 -No active profile set, falling back to default profiles: default
2019-03-29 11:28:10 -Refreshing org.springframework.boot.web.servlet.context.AnnotationConfigServletWebServerApplicationContext@40ab897d: startup date [Fri Mar 29 11:28:10 CST 2019]; root of context hierarchy
2019-03-29 11:28:10 -Multiple Spring Data modules found, entering strict repository configuration mode!
2019-03-29 11:28:11 -Bean 'org.springframework.cache.annotation.ProxyCachingConfiguration' of type [org.springframework.cache.annotation.ProxyCachingConfiguration$$EnhancerBySpringCGLIB$$666cb8ef] is not eligible for getting processed by all BeanPostProcessors (for example: not eligible for auto-proxying)
2019-03-29 11:28:11 -Bean 'org.springframework.boot.autoconfigure.cache.CacheAutoConfiguration' of type [org.springframework.boot.autoconfigure.cache.CacheAutoConfiguration$$EnhancerBySpringCGLIB$$5ae07d93] is not eligible for getting processed by all BeanPostProcessors (for example: not eligible for auto-proxying)
2019-03-29 11:28:11 -Bean 'org.springframework.boot.context.properties.ConversionServiceDeducer$Factory' of type [org.springframework.boot.context.properties.ConversionServiceDeducer$Factory] is not eligible for getting processed by all BeanPostProcessors (for example: not eligible for auto-proxying)
2019-03-29 11:28:11 -Bean 'spring.cache-org.springframework.boot.autoconfigure.cache.CacheProperties' of type [org.springframework.boot.autoconfigure.cache.CacheProperties] is not eligible for getting processed by all BeanPostProcessors (for example: not eligible for auto-proxying)
2019-03-29 11:28:11 -Bean 'cacheManagerCustomizers' of type [org.springframework.boot.autoconfigure.cache.CacheManagerCustomizers] is not eligible for getting processed by all BeanPostProcessors (for example: not eligible for auto-proxying)
2019-03-29 11:28:11 -Bean 'org.springframework.boot.autoconfigure.cache.RedisCacheConfiguration' of type [org.springframework.boot.autoconfigure.cache.RedisCacheConfiguration$$EnhancerBySpringCGLIB$$b7219ed] is not eligible for getting processed by all BeanPostProcessors (for example: not eligible for auto-proxying)
2019-03-29 11:28:11 -Bean 'spring.redis-org.springframework.boot.autoconfigure.data.redis.RedisProperties' of type [org.springframework.boot.autoconfigure.data.redis.RedisProperties] is not eligible for getting processed by all BeanPostProcessors (for example: not eligible for auto-proxying)
2019-03-29 11:28:11 -Bean 'org.springframework.boot.autoconfigure.data.redis.LettuceConnectionConfiguration' of type [org.springframework.boot.autoconfigure.data.redis.LettuceConnectionConfiguration$$EnhancerBySpringCGLIB$$3274411b] is not eligible for getting processed by all BeanPostProcessors (for example: not eligible for auto-proxying)
2019-03-29 11:28:11 -Bean 'lettuceClientResources' of type [io.lettuce.core.resource.DefaultClientResources] is not eligible for getting processed by all BeanPostProcessors (for example: not eligible for auto-proxying)
2019-03-29 11:28:11 -Bean 'redisConnectionFactory' of type [org.springframework.data.redis.connection.lettuce.LettuceConnectionFactory] is not eligible for getting processed by all BeanPostProcessors (for example: not eligible for auto-proxying)
2019-03-29 11:28:11 -Bean 'cacheManager' of type [org.springframework.data.redis.cache.RedisCacheManager] is not eligible for getting processed by all BeanPostProcessors (for example: not eligible for auto-proxying)
2019-03-29 11:28:11 -Bean 'cacheAutoConfigurationValidator' of type [org.springframework.boot.autoconfigure.cache.CacheAutoConfiguration$CacheManagerValidator] is not eligible for getting processed by all BeanPostProcessors (for example: not eligible for auto-proxying)
2019-03-29 11:28:11 -Bean 'org.springframework.transaction.annotation.ProxyTransactionManagementConfiguration' of type [org.springframework.transaction.annotation.ProxyTransactionManagementConfiguration$$EnhancerBySpringCGLIB$$1d5a82d1] is not eligible for getting processed by all BeanPostProcessors (for example: not eligible for auto-proxying)
2019-03-29 11:28:12 -Tomcat initialized with port(s): 8088 (http)
2019-03-29 11:28:12 -Initializing ProtocolHandler ["http-nio-8088"]
2019-03-29 11:28:12 -Starting service [Tomcat]
2019-03-29 11:28:12 -Starting Servlet Engine: Apache Tomcat/8.5.29
2019-03-29 11:28:12 -The APR based Apache Tomcat Native library which allows optimal performance in production environments was not found on the java.library.path: [D:\android\jdk1.8\bin;C:\Windows\Sun\Java\bin;C:\Windows\system32;C:\Windows;C:/Program Files/Java/jdk1.8.0_171/bin/../jre/bin/server;C:/Program Files/Java/jdk1.8.0_171/bin/../jre/bin;C:/Program Files/Java/jdk1.8.0_171/bin/../jre/lib/amd64;D:\Chrome下载\Git\cmd;C:\Program Files\Java\jdk1.8.0_171\bin;D:\Chrome下载\apache-maven-3.5.3-bin\apache-maven-3.5.3\bin;D:\TortoiseSVN\bin;C:\Program Files\MySQL\mysql-5.6.26-winx64\bin;C:\Windows\system32;;C:\Program Files (x86)\Bitvise Tunnelier;D:\nodeJS;;D:\eclipse;;.]
2019-03-29 11:28:12 -At least one JAR was scanned for TLDs yet contained no TLDs. Enable debug logging for this logger for a complete list of JARs that were scanned but no TLDs were found in them. Skipping unneeded JARs during scanning can improve startup time and JSP compilation time.
2019-03-29 11:28:12 -Initializing Spring embedded WebApplicationContext
2019-03-29 11:28:12 -Root WebApplicationContext: initialization completed in 2262 ms
2019-03-29 11:28:12 -Mapping filter: 'characterEncodingFilter' to: [/*]
2019-03-29 11:28:12 -Mapping filter: 'sessionRepositoryFilter' to: [/*]
2019-03-29 11:28:12 -Mapping filter: 'hiddenHttpMethodFilter' to: [/*]
2019-03-29 11:28:12 -Mapping filter: 'httpPutFormContentFilter' to: [/*]
2019-03-29 11:28:12 -Mapping filter: 'requestContextFilter' to: [/*]
2019-03-29 11:28:12 -Mapping filter: 'webStatFilter' to urls: [/*]
2019-03-29 11:28:12 -Servlet dispatcherServlet mapped to [/]
2019-03-29 11:28:12 -Servlet statViewServlet mapped to [/druid/*]
2019-03-29 11:28:12 -Init DruidDataSource
2019-03-29 11:28:13 -{dataSource-1} inited
2019-03-29 11:28:13 -Starting without optional epoll library
2019-03-29 11:28:13 -Starting without optional kqueue library
2019-03-29 11:28:13 -Mapped URL path [/**/favicon.ico] onto handler of type [class org.springframework.web.servlet.resource.ResourceHttpRequestHandler]
2019-03-29 11:28:13 -Looking for @ControllerAdvice: org.springframework.boot.web.servlet.context.AnnotationConfigServletWebServerApplicationContext@40ab897d: startup date [Fri Mar 29 11:28:10 CST 2019]; root of context hierarchy
2019-03-29 11:28:14 -Mapped "{[/sendMap]}" onto public void com.traindo.activeMQ.ProducerController.sendMap()
2019-03-29 11:28:14 -Mapped "{[/sendMsg]}" onto public void com.traindo.activeMQ.ProducerController.sendMsg(java.lang.String)
2019-03-29 11:28:14 -Mapped "{[/api/getUserInfo]}" onto public com.traindo.common.Json com.traindo.system.controller.LoginController.get(long)
2019-03-29 11:28:14 -Mapped "{[/api/login]}" onto public com.traindo.common.Json com.traindo.system.controller.LoginController.login(javax.servlet.http.HttpServletRequest,java.lang.String,java.lang.String)
2019-03-29 11:28:14 -Mapped "{[/api/loginOut]}" onto public com.traindo.common.Json com.traindo.system.controller.LoginController.loginOut(javax.servlet.http.HttpServletRequest,com.traindo.mapper.entity.SysUser) throws java.lang.Exception
2019-03-29 11:28:14 -Mapped "{[/sys/menu/getList]}" onto public com.traindo.common.Json com.traindo.system.controller.MenuController.getList(javax.servlet.http.HttpServletRequest)
2019-03-29 11:28:14 -Mapped "{[/admin/v1/first],methods=[GET]}" onto public java.util.Map<java.lang.String, java.lang.Object> com.traindo.system.controller.QuickRun.firstResp(javax.servlet.http.HttpServletRequest)
2019-03-29 11:28:14 -Mapped "{[/admin/v1/sessions],methods=[GET]}" onto public java.lang.Object com.traindo.system.controller.QuickRun.sessions(javax.servlet.http.HttpServletRequest)
2019-03-29 11:28:14 -Mapped "{[/error]}" onto public org.springframework.http.ResponseEntity<java.util.Map<java.lang.String, java.lang.Object>> org.springframework.boot.autoconfigure.web.servlet.error.BasicErrorController.error(javax.servlet.http.HttpServletRequest)
2019-03-29 11:28:14 -Mapped "{[/error],produces=[text/html]}" onto public org.springframework.web.servlet.ModelAndView org.springframework.boot.autoconfigure.web.servlet.error.BasicErrorController.errorHtml(javax.servlet.http.HttpServletRequest,javax.servlet.http.HttpServletResponse)
2019-03-29 11:28:14 -Mapped URL path [/webjars/**] onto handler of type [class org.springframework.web.servlet.resource.ResourceHttpRequestHandler]
2019-03-29 11:28:14 -Mapped URL path [/**] onto handler of type [class org.springframework.web.servlet.resource.ResourceHttpRequestHandler]
2019-03-29 11:28:14 -Mapped URL path [/file/upload/**] onto handler of type [class org.springframework.web.servlet.resource.ResourceHttpRequestHandler]
2019-03-29 11:28:14 -LiveReload server is running on port 35729
2019-03-29 11:28:14 -Registering beans for JMX exposure on startup
2019-03-29 11:28:14 -Bean with name 'statFilter' has been autodetected for JMX exposure
2019-03-29 11:28:14 -Bean with name 'dataSource' has been autodetected for JMX exposure
2019-03-29 11:28:14 -Located MBean 'dataSource': registering with JMX server as MBean [com.alibaba.druid.spring.boot.autoconfigure:name=dataSource,type=DruidDataSourceWrapper]
2019-03-29 11:28:14 -Located MBean 'statFilter': registering with JMX server as MBean [com.alibaba.druid.filter.stat:name=statFilter,type=StatFilter]
2019-03-29 11:28:14 -Starting beans in phase 2147483647
2019-03-29 11:28:14 -No TaskScheduler/ScheduledExecutorService bean found for scheduled processing
2019-03-29 11:28:14 -Starting ProtocolHandler ["http-nio-8088"]
2019-03-29 11:28:14 -Using a shared selector for servlet write/read
2019-03-29 11:28:14 -Tomcat started on port(s): 8088 (http) with context path ''
2019-03-29 11:28:14 -Started WebApplication in 5.105 seconds (JVM running for 5.599)
2019-03-29 11:28:14 -Application start success！
2019-03-29 11:29:55 -Initializing Spring FrameworkServlet 'dispatcherServlet'
2019-03-29 11:29:55 -FrameworkServlet 'dispatcherServlet': initialization started
2019-03-29 11:29:55 -FrameworkServlet 'dispatcherServlet': initialization completed in 22 ms
2019-03-29 11:29:55 -/api/login
2019-03-29 11:29:55 -==>  Preparing: select user_id, username, name, password, dept_id, email, mobile, status, user_id_create, gmt_create, gmt_modified, sex, birth, pic_id, live_address, hobby, province, city, district from sys_user where username = ? 
2019-03-29 11:29:55 -==> Parameters: admin(String)
2019-03-29 11:29:55 -<==      Total: 1
2019-03-29 11:36:03 -/apilogin
2019-03-29 11:37:13 -/api/login
2019-03-29 11:37:13 -==>  Preparing: select user_id, username, name, password, dept_id, email, mobile, status, user_id_create, gmt_create, gmt_modified, sex, birth, pic_id, live_address, hobby, province, city, district from sys_user where username = ? 
2019-03-29 11:37:13 -==> Parameters: admin(String)
2019-03-29 11:37:13 -<==      Total: 1
2019-03-29 11:47:58 -/api/login
2019-03-29 11:47:58 -==>  Preparing: select user_id, username, name, password, dept_id, email, mobile, status, user_id_create, gmt_create, gmt_modified, sex, birth, pic_id, live_address, hobby, province, city, district from sys_user where username = ? 
2019-03-29 11:47:58 -==> Parameters: admin(String)
2019-03-29 11:47:58 -<==      Total: 1
2019-03-29 11:48:44 -/api/login
2019-03-29 11:48:44 -==>  Preparing: select user_id, username, name, password, dept_id, email, mobile, status, user_id_create, gmt_create, gmt_modified, sex, birth, pic_id, live_address, hobby, province, city, district from sys_user where username = ? 
2019-03-29 11:48:44 -==> Parameters: admin(String)
2019-03-29 11:48:44 -<==      Total: 1
2019-03-29 11:56:10 -/api/login
2019-03-29 11:56:10 -==>  Preparing: select user_id, username, name, password, dept_id, email, mobile, status, user_id_create, gmt_create, gmt_modified, sex, birth, pic_id, live_address, hobby, province, city, district from sys_user where username = ? 
2019-03-29 11:56:10 -==> Parameters: admin(String)
2019-03-29 11:56:10 -<==      Total: 1
2019-03-29 13:48:14 -Starting WebApplication on pc20170426-PC with PID 3268 (E:\myGit\traindo\traindo\target\classes started by pc20170426 in E:\myGit\traindo\traindo)
2019-03-29 13:48:14 -Running with Spring Boot v2.0.1.RELEASE, Spring v5.0.5.RELEASE
2019-03-29 13:48:14 -No active profile set, falling back to default profiles: default
2019-03-29 13:48:15 -Refreshing org.springframework.boot.web.servlet.context.AnnotationConfigServletWebServerApplicationContext@40ab897d: startup date [Fri Mar 29 13:48:15 CST 2019]; root of context hierarchy
2019-03-29 13:48:15 -Multiple Spring Data modules found, entering strict repository configuration mode!
2019-03-29 13:48:16 -Bean 'org.springframework.cache.annotation.ProxyCachingConfiguration' of type [org.springframework.cache.annotation.ProxyCachingConfiguration$$EnhancerBySpringCGLIB$$176c972e] is not eligible for getting processed by all BeanPostProcessors (for example: not eligible for auto-proxying)
2019-03-29 13:48:16 -Bean 'org.springframework.boot.autoconfigure.cache.CacheAutoConfiguration' of type [org.springframework.boot.autoconfigure.cache.CacheAutoConfiguration$$EnhancerBySpringCGLIB$$be05bd2] is not eligible for getting processed by all BeanPostProcessors (for example: not eligible for auto-proxying)
2019-03-29 13:48:16 -Bean 'org.springframework.boot.context.properties.ConversionServiceDeducer$Factory' of type [org.springframework.boot.context.properties.ConversionServiceDeducer$Factory] is not eligible for getting processed by all BeanPostProcessors (for example: not eligible for auto-proxying)
2019-03-29 13:48:16 -Bean 'spring.cache-org.springframework.boot.autoconfigure.cache.CacheProperties' of type [org.springframework.boot.autoconfigure.cache.CacheProperties] is not eligible for getting processed by all BeanPostProcessors (for example: not eligible for auto-proxying)
2019-03-29 13:48:16 -Bean 'cacheManagerCustomizers' of type [org.springframework.boot.autoconfigure.cache.CacheManagerCustomizers] is not eligible for getting processed by all BeanPostProcessors (for example: not eligible for auto-proxying)
2019-03-29 13:48:16 -Bean 'org.springframework.boot.autoconfigure.cache.RedisCacheConfiguration' of type [org.springframework.boot.autoconfigure.cache.RedisCacheConfiguration$$EnhancerBySpringCGLIB$$bc71f82c] is not eligible for getting processed by all BeanPostProcessors (for example: not eligible for auto-proxying)
2019-03-29 13:48:16 -Bean 'spring.redis-org.springframework.boot.autoconfigure.data.redis.RedisProperties' of type [org.springframework.boot.autoconfigure.data.redis.RedisProperties] is not eligible for getting processed by all BeanPostProcessors (for example: not eligible for auto-proxying)
2019-03-29 13:48:16 -Bean 'org.springframework.boot.autoconfigure.data.redis.LettuceConnectionConfiguration' of type [org.springframework.boot.autoconfigure.data.redis.LettuceConnectionConfiguration$$EnhancerBySpringCGLIB$$e3741f5a] is not eligible for getting processed by all BeanPostProcessors (for example: not eligible for auto-proxying)
2019-03-29 13:48:16 -Bean 'lettuceClientResources' of type [io.lettuce.core.resource.DefaultClientResources] is not eligible for getting processed by all BeanPostProcessors (for example: not eligible for auto-proxying)
2019-03-29 13:48:16 -Bean 'redisConnectionFactory' of type [org.springframework.data.redis.connection.lettuce.LettuceConnectionFactory] is not eligible for getting processed by all BeanPostProcessors (for example: not eligible for auto-proxying)
2019-03-29 13:48:16 -Bean 'cacheManager' of type [org.springframework.data.redis.cache.RedisCacheManager] is not eligible for getting processed by all BeanPostProcessors (for example: not eligible for auto-proxying)
2019-03-29 13:48:16 -Bean 'cacheAutoConfigurationValidator' of type [org.springframework.boot.autoconfigure.cache.CacheAutoConfiguration$CacheManagerValidator] is not eligible for getting processed by all BeanPostProcessors (for example: not eligible for auto-proxying)
2019-03-29 13:48:16 -Bean 'org.springframework.transaction.annotation.ProxyTransactionManagementConfiguration' of type [org.springframework.transaction.annotation.ProxyTransactionManagementConfiguration$$EnhancerBySpringCGLIB$$ce5a6110] is not eligible for getting processed by all BeanPostProcessors (for example: not eligible for auto-proxying)
2019-03-29 13:48:17 -Tomcat initialized with port(s): 8088 (http)
2019-03-29 13:48:17 -Initializing ProtocolHandler ["http-nio-8088"]
2019-03-29 13:48:17 -Starting service [Tomcat]
2019-03-29 13:48:17 -Starting Servlet Engine: Apache Tomcat/8.5.29
2019-03-29 13:48:17 -The APR based Apache Tomcat Native library which allows optimal performance in production environments was not found on the java.library.path: [D:\android\jdk1.8\bin;C:\Windows\Sun\Java\bin;C:\Windows\system32;C:\Windows;C:/Program Files/Java/jdk1.8.0_171/bin/../jre/bin/server;C:/Program Files/Java/jdk1.8.0_171/bin/../jre/bin;C:/Program Files/Java/jdk1.8.0_171/bin/../jre/lib/amd64;D:\Chrome下载\Git\cmd;C:\Program Files\Java\jdk1.8.0_171\bin;D:\Chrome下载\apache-maven-3.5.3-bin\apache-maven-3.5.3\bin;D:\TortoiseSVN\bin;C:\Program Files\MySQL\mysql-5.6.26-winx64\bin;C:\Windows\system32;;C:\Program Files (x86)\Bitvise Tunnelier;D:\nodeJS;;D:\eclipse;;.]
2019-03-29 13:48:17 -At least one JAR was scanned for TLDs yet contained no TLDs. Enable debug logging for this logger for a complete list of JARs that were scanned but no TLDs were found in them. Skipping unneeded JARs during scanning can improve startup time and JSP compilation time.
2019-03-29 13:48:17 -Initializing Spring embedded WebApplicationContext
2019-03-29 13:48:17 -Root WebApplicationContext: initialization completed in 2333 ms
2019-03-29 13:48:17 -Mapping filter: 'characterEncodingFilter' to: [/*]
2019-03-29 13:48:17 -Mapping filter: 'sessionRepositoryFilter' to: [/*]
2019-03-29 13:48:17 -Mapping filter: 'hiddenHttpMethodFilter' to: [/*]
2019-03-29 13:48:17 -Mapping filter: 'httpPutFormContentFilter' to: [/*]
2019-03-29 13:48:17 -Mapping filter: 'requestContextFilter' to: [/*]
2019-03-29 13:48:17 -Mapping filter: 'webStatFilter' to urls: [/*]
2019-03-29 13:48:17 -Servlet dispatcherServlet mapped to [/]
2019-03-29 13:48:17 -Servlet statViewServlet mapped to [/druid/*]
2019-03-29 13:48:17 -Init DruidDataSource
2019-03-29 13:48:18 -{dataSource-1} inited
2019-03-29 13:48:18 -Starting without optional epoll library
2019-03-29 13:48:18 -Starting without optional kqueue library
2019-03-29 13:48:18 -Mapped URL path [/**/favicon.ico] onto handler of type [class org.springframework.web.servlet.resource.ResourceHttpRequestHandler]
2019-03-29 13:48:18 -Looking for @ControllerAdvice: org.springframework.boot.web.servlet.context.AnnotationConfigServletWebServerApplicationContext@40ab897d: startup date [Fri Mar 29 13:48:15 CST 2019]; root of context hierarchy
2019-03-29 13:48:19 -Mapped "{[/sendMap]}" onto public void com.traindo.activeMQ.ProducerController.sendMap()
2019-03-29 13:48:19 -Mapped "{[/sendMsg]}" onto public void com.traindo.activeMQ.ProducerController.sendMsg(java.lang.String)
2019-03-29 13:48:19 -Mapped "{[/api/getUserInfo]}" onto public com.traindo.common.Json com.traindo.system.controller.LoginController.get(long)
2019-03-29 13:48:19 -Mapped "{[/api/login]}" onto public com.traindo.common.Json com.traindo.system.controller.LoginController.login(javax.servlet.http.HttpServletRequest,java.lang.String,java.lang.String)
2019-03-29 13:48:19 -Mapped "{[/api/loginOut]}" onto public com.traindo.common.Json com.traindo.system.controller.LoginController.loginOut(javax.servlet.http.HttpServletRequest,com.traindo.mapper.entity.SysUser) throws java.lang.Exception
2019-03-29 13:48:19 -Mapped "{[/sys/menu/getList]}" onto public com.traindo.common.Json com.traindo.system.controller.MenuController.getList(javax.servlet.http.HttpServletRequest)
2019-03-29 13:48:19 -Mapped "{[/admin/v1/first],methods=[GET]}" onto public java.util.Map<java.lang.String, java.lang.Object> com.traindo.system.controller.QuickRun.firstResp(javax.servlet.http.HttpServletRequest)
2019-03-29 13:48:19 -Mapped "{[/admin/v1/sessions],methods=[GET]}" onto public java.lang.Object com.traindo.system.controller.QuickRun.sessions(javax.servlet.http.HttpServletRequest)
2019-03-29 13:48:19 -Mapped "{[/error]}" onto public org.springframework.http.ResponseEntity<java.util.Map<java.lang.String, java.lang.Object>> org.springframework.boot.autoconfigure.web.servlet.error.BasicErrorController.error(javax.servlet.http.HttpServletRequest)
2019-03-29 13:48:19 -Mapped "{[/error],produces=[text/html]}" onto public org.springframework.web.servlet.ModelAndView org.springframework.boot.autoconfigure.web.servlet.error.BasicErrorController.errorHtml(javax.servlet.http.HttpServletRequest,javax.servlet.http.HttpServletResponse)
2019-03-29 13:48:19 -Mapped URL path [/webjars/**] onto handler of type [class org.springframework.web.servlet.resource.ResourceHttpRequestHandler]
2019-03-29 13:48:19 -Mapped URL path [/**] onto handler of type [class org.springframework.web.servlet.resource.ResourceHttpRequestHandler]
2019-03-29 13:48:19 -Mapped URL path [/file/upload/**] onto handler of type [class org.springframework.web.servlet.resource.ResourceHttpRequestHandler]
2019-03-29 13:48:19 -LiveReload server is running on port 35729
2019-03-29 13:48:19 -Registering beans for JMX exposure on startup
2019-03-29 13:48:19 -Bean with name 'statFilter' has been autodetected for JMX exposure
2019-03-29 13:48:19 -Bean with name 'dataSource' has been autodetected for JMX exposure
2019-03-29 13:48:19 -Located MBean 'dataSource': registering with JMX server as MBean [com.alibaba.druid.spring.boot.autoconfigure:name=dataSource,type=DruidDataSourceWrapper]
2019-03-29 13:48:19 -Located MBean 'statFilter': registering with JMX server as MBean [com.alibaba.druid.filter.stat:name=statFilter,type=StatFilter]
2019-03-29 13:48:19 -Starting beans in phase 2147483647
2019-03-29 13:48:19 -No TaskScheduler/ScheduledExecutorService bean found for scheduled processing
2019-03-29 13:48:19 -Starting ProtocolHandler ["http-nio-8088"]
2019-03-29 13:48:19 -Using a shared selector for servlet write/read
2019-03-29 13:48:19 -Tomcat started on port(s): 8088 (http) with context path ''
2019-03-29 13:48:19 -Started WebApplication in 5.143 seconds (JVM running for 5.611)
2019-03-29 13:48:19 -Application start success！
2019-03-29 13:53:11 -Initializing Spring FrameworkServlet 'dispatcherServlet'
2019-03-29 13:53:11 -FrameworkServlet 'dispatcherServlet': initialization started
2019-03-29 13:53:11 -FrameworkServlet 'dispatcherServlet': initialization completed in 51 ms
2019-03-29 13:53:11 -/api/login
2019-03-29 13:53:12 -==>  Preparing: select user_id, username, name, password, dept_id, email, mobile, status, user_id_create, gmt_create, gmt_modified, sex, birth, pic_id, live_address, hobby, province, city, district from sys_user where username = ? 
2019-03-29 13:53:12 -==> Parameters: test(String)
2019-03-29 13:53:12 -<==      Total: 1
2019-03-29 13:54:42 -/api/login
2019-03-29 13:54:42 -==>  Preparing: select user_id, username, name, password, dept_id, email, mobile, status, user_id_create, gmt_create, gmt_modified, sex, birth, pic_id, live_address, hobby, province, city, district from sys_user where username = ? 
2019-03-29 13:54:42 -==> Parameters: admin(String)
2019-03-29 13:54:42 -<==      Total: 1
2019-03-29 13:56:45 -/api/login
2019-03-29 13:56:45 -==>  Preparing: select user_id, username, name, password, dept_id, email, mobile, status, user_id_create, gmt_create, gmt_modified, sex, birth, pic_id, live_address, hobby, province, city, district from sys_user where username = ? 
2019-03-29 13:56:45 -==> Parameters: admin(String)
2019-03-29 13:56:45 -<==      Total: 1
2019-03-29 13:56:48 -/api/login
2019-03-29 13:56:48 -==>  Preparing: select user_id, username, name, password, dept_id, email, mobile, status, user_id_create, gmt_create, gmt_modified, sex, birth, pic_id, live_address, hobby, province, city, district from sys_user where username = ? 
2019-03-29 13:56:48 -==> Parameters: admin(String)
2019-03-29 13:56:48 -<==      Total: 1
